[I 2025-07-26 08:29:52,539] Trial 37 finished with value: 0.8562668561935425 and parameters: {'n_heads': 10, 'units': 47, 'dropout_rate': 0.3854052389517868, 'learning_rate': 0.0003559353594630683, 'batch_size': 18}. Best is trial 10 with value: 0.8658808469772339.
/home/ivanam/.conda/envs/bio_inf/lib/python3.11/site-packages/keras/src/initializers/initializers.py:120: UserWarning: The initializer GlorotUniform is unseeded and being called multiple times, which will return identical values each time (even if the initializer is unseeded). Please update your code to provide a seed to the initializer, or avoid using the same initializer instance more than once.
  warnings.warn(
/home/ivanam/.conda/envs/bio_inf/lib/python3.11/site-packages/spektral/data/utils.py:221: UserWarning: you are shuffling a 'MyDataset' object which is not a subclass of 'Sequence'; `shuffle` is not guaranteed to behave correctly. E.g., non-numpy array/tensor objects with view semantics may contain duplicates after shuffling.
  np.random.shuffle(a)
[I 2025-07-26 08:47:51,327] Trial 38 finished with value: 0.855048656463623 and parameters: {'n_heads': 7, 'units': 57, 'dropout_rate': 0.10004808033927828, 'learning_rate': 0.0014401168136801046, 'batch_size': 43}. Best is trial 10 with value: 0.8658808469772339.
/home/ivanam/.conda/envs/bio_inf/lib/python3.11/site-packages/keras/src/initializers/initializers.py:120: UserWarning: The initializer GlorotUniform is unseeded and being called multiple times, which will return identical values each time (even if the initializer is unseeded). Please update your code to provide a seed to the initializer, or avoid using the same initializer instance more than once.
  warnings.warn(
/home/ivanam/.conda/envs/bio_inf/lib/python3.11/site-packages/spektral/data/utils.py:221: UserWarning: you are shuffling a 'MyDataset' object which is not a subclass of 'Sequence'; `shuffle` is not guaranteed to behave correctly. E.g., non-numpy array/tensor objects with view semantics may contain duplicates after shuffling.
  np.random.shuffle(a)
[I 2025-07-26 08:53:46,427] Trial 39 finished with value: 0.8172909617424011 and parameters: {'n_heads': 5, 'units': 29, 'dropout_rate': 0.25104414851356227, 'learning_rate': 0.0008812073499032892, 'batch_size': 53}. Best is trial 10 with value: 0.8658808469772339.
/home/ivanam/.conda/envs/bio_inf/lib/python3.11/site-packages/keras/src/initializers/initializers.py:120: UserWarning: The initializer GlorotUniform is unseeded and being called multiple times, which will return identical values each time (even if the initializer is unseeded). Please update your code to provide a seed to the initializer, or avoid using the same initializer instance more than once.
  warnings.warn(
/home/ivanam/.conda/envs/bio_inf/lib/python3.11/site-packages/spektral/data/utils.py:221: UserWarning: you are shuffling a 'MyDataset' object which is not a subclass of 'Sequence'; `shuffle` is not guaranteed to behave correctly. E.g., non-numpy array/tensor objects with view semantics may contain duplicates after shuffling.
  np.random.shuffle(a)
