2025-07-25 16:12:59.653966: I tensorflow/core/platform/cpu_feature_guard.cc:182] This TensorFlow binary is optimized to use available CPU instructions in performance-critical operations.
To enable the following instructions: SSE4.1 SSE4.2 AVX AVX2 FMA, in other operations, rebuild TensorFlow with the appropriate compiler flags.
[16:13:03] 

****
Pre-condition Violation
no owner
Violation occurred on line 146 in file /home/conda/feedstock_root/build_artifacts/rdkit-meta_1732947292231/work/Code/GraphMol/Atom.h
Failed Expression: dp_mol
----------
Stacktrace:
 0# Invar::Invariant::toString[abi:cxx11]() const in /home/ivanam/.conda/envs/bio_inf/lib/python3.11/site-packages/rdkit/../../../libRDKitRDGeneral.so.1
 1# Invar::operator<<(std::ostream&, Invar::Invariant const&) in /home/ivanam/.conda/envs/bio_inf/lib/python3.11/site-packages/rdkit/../../../libRDKitRDGeneral.so.1
 2# RDKit::Atom::getDegree() const in /home/ivanam/.conda/envs/bio_inf/lib/python3.11/site-packages/rdkit/Chem/../../../../libRDKitGraphMol.so.1
 3# 0x00007F9F7DF7579A in /home/ivanam/.conda/envs/bio_inf/lib/python3.11/site-packages/rdkit/Chem/rdchem.so
 4# boost::python::objects::function::call(_object*, _object*) const in /home/ivanam/.conda/envs/bio_inf/lib/python3.11/site-packages/rdkit/../../../libboost_python311.so.1.86.0
 5# 0x00007F9F7E359449 in /home/ivanam/.conda/envs/bio_inf/lib/python3.11/site-packages/rdkit/../../../libboost_python311.so.1.86.0
 6# boost::python::detail::exception_handler::operator()(boost::function_n<void> const&) const in /home/ivanam/.conda/envs/bio_inf/lib/python3.11/site-packages/rdkit/../../../libboost_python311.so.1.86.0
 7# 0x00007F9F7D633CC4 in /home/ivanam/.conda/envs/bio_inf/lib/python3.11/site-packages/rdkit/Chem/rdmolfiles.so
 8# 0x00007F9F7D633D14 in /home/ivanam/.conda/envs/bio_inf/lib/python3.11/site-packages/rdkit/Chem/rdmolfiles.so
 9# 0x00007F9F7D749A24 in /home/ivanam/.conda/envs/bio_inf/lib/python3.11/site-packages/rdkit/Chem/rdCIPLabeler.so
10# 0x00007F9F7DFBEDC4 in /home/ivanam/.conda/envs/bio_inf/lib/python3.11/site-packages/rdkit/Chem/rdchem.so
11# 0x00007F9F7DF5056D in /home/ivanam/.conda/envs/bio_inf/lib/python3.11/site-packages/rdkit/Chem/rdchem.so
12# 0x00007F9F7DF5008D in /home/ivanam/.conda/envs/bio_inf/lib/python3.11/site-packages/rdkit/Chem/rdchem.so
13# 0x00007F9F7DF4FBAD in /home/ivanam/.conda/envs/bio_inf/lib/python3.11/site-packages/rdkit/Chem/rdchem.so
14# 0x00007F9F7DF4F6CD in /home/ivanam/.conda/envs/bio_inf/lib/python3.11/site-packages/rdkit/Chem/rdchem.so
15# 0x00007F9F7DF4F1ED in /home/ivanam/.conda/envs/bio_inf/lib/python3.11/site-packages/rdkit/Chem/rdchem.so
16# 0x00007F9F7E418A94 in /home/ivanam/.conda/envs/bio_inf/lib/python3.11/site-packages/rdkit/rdBase.so
17# 0x00007F9F7E418AE4 in /home/ivanam/.conda/envs/bio_inf/lib/python3.11/site-packages/rdkit/rdBase.so
18# 0x00007F9F7E418B34 in /home/ivanam/.conda/envs/bio_inf/lib/python3.11/site-packages/rdkit/rdBase.so
19# 0x00007F9F7E418B84 in /home/ivanam/.conda/envs/bio_inf/lib/python3.11/site-packages/rdkit/rdBase.so
20# boost::python::handle_exception_impl(boost::function_n<void>) in /home/ivanam/.conda/envs/bio_inf/lib/python3.11/site-packages/rdkit/../../../libboost_python311.so.1.86.0
21# 0x00007F9F7E3569B3 in /home/ivanam/.conda/envs/bio_inf/lib/python3.11/site-packages/rdkit/../../../libboost_python311.so.1.86.0
22# _PyObject_MakeTpCall in /home/ivanam/.conda/envs/bio_inf/bin/python
23# _PyEval_EvalFrameDefault in /home/ivanam/.conda/envs/bio_inf/bin/python
24# 0x000056479803642D in /home/ivanam/.conda/envs/bio_inf/bin/python
25# PyEval_EvalCode in /home/ivanam/.conda/envs/bio_inf/bin/python
26# 0x0000564798054A1A in /home/ivanam/.conda/envs/bio_inf/bin/python
27# 0x0000564798050593 in /home/ivanam/.conda/envs/bio_inf/bin/python
28# 0x0000564798065930 in /home/ivanam/.conda/envs/bio_inf/bin/python
29# _PyRun_SimpleFileObject in /home/ivanam/.conda/envs/bio_inf/bin/python
30# _PyRun_AnyFileObject in /home/ivanam/.conda/envs/bio_inf/bin/python
31# Py_RunMain in /home/ivanam/.conda/envs/bio_inf/bin/python
32# Py_BytesMain in /home/ivanam/.conda/envs/bio_inf/bin/python
33# 0x00007F9FC098624A in /lib/x86_64-linux-gnu/libc.so.6
34# __libc_start_main in /lib/x86_64-linux-gnu/libc.so.6
35# 0x000056479802591D in /home/ivanam/.conda/envs/bio_inf/bin/python
----------
****

[I 2025-07-25 16:13:16,165] A new study created in memory with name: no-name-cdaac0f8-1510-4dab-b35b-469318dbccc1
/home/ivanam/.conda/envs/bio_inf/lib/python3.11/site-packages/spektral/data/utils.py:221: UserWarning: you are shuffling a 'MyDataset' object which is not a subclass of 'Sequence'; `shuffle` is not guaranteed to behave correctly. E.g., non-numpy array/tensor objects with view semantics may contain duplicates after shuffling.
  np.random.shuffle(a)
/home/ivanam/.conda/envs/bio_inf/lib/python3.11/site-packages/keras/src/initializers/initializers.py:120: UserWarning: The initializer GlorotUniform is unseeded and being called multiple times, which will return identical values each time (even if the initializer is unseeded). Please update your code to provide a seed to the initializer, or avoid using the same initializer instance more than once.
  warnings.warn(
[I 2025-07-25 16:19:08,752] Trial 0 finished with value: 0.6925041079521179 and parameters: {'n_heads': 7, 'units': 21, 'dropout_rate': 0.48678784166330225, 'learning_rate': 0.00017730334651527724, 'batch_size': 60}. Best is trial 0 with value: 0.6925041079521179.
/home/ivanam/.conda/envs/bio_inf/lib/python3.11/site-packages/keras/src/initializers/initializers.py:120: UserWarning: The initializer GlorotUniform is unseeded and being called multiple times, which will return identical values each time (even if the initializer is unseeded). Please update your code to provide a seed to the initializer, or avoid using the same initializer instance more than once.
  warnings.warn(
/home/ivanam/.conda/envs/bio_inf/lib/python3.11/site-packages/spektral/data/utils.py:221: UserWarning: you are shuffling a 'MyDataset' object which is not a subclass of 'Sequence'; `shuffle` is not guaranteed to behave correctly. E.g., non-numpy array/tensor objects with view semantics may contain duplicates after shuffling.
  np.random.shuffle(a)
[I 2025-07-25 16:37:18,931] Trial 1 finished with value: 0.8514106869697571 and parameters: {'n_heads': 12, 'units': 38, 'dropout_rate': 0.34464646601237625, 'learning_rate': 0.0013612089438486995, 'batch_size': 51}. Best is trial 1 with value: 0.8514106869697571.
/home/ivanam/.conda/envs/bio_inf/lib/python3.11/site-packages/keras/src/initializers/initializers.py:120: UserWarning: The initializer GlorotUniform is unseeded and being called multiple times, which will return identical values each time (even if the initializer is unseeded). Please update your code to provide a seed to the initializer, or avoid using the same initializer instance more than once.
  warnings.warn(
/home/ivanam/.conda/envs/bio_inf/lib/python3.11/site-packages/spektral/data/utils.py:221: UserWarning: you are shuffling a 'MyDataset' object which is not a subclass of 'Sequence'; `shuffle` is not guaranteed to behave correctly. E.g., non-numpy array/tensor objects with view semantics may contain duplicates after shuffling.
  np.random.shuffle(a)
[I 2025-07-25 16:50:54,152] Trial 2 finished with value: 0.8557206988334656 and parameters: {'n_heads': 12, 'units': 32, 'dropout_rate': 0.44678594347161715, 'learning_rate': 0.0010032314153863183, 'batch_size': 58}. Best is trial 2 with value: 0.8557206988334656.
/home/ivanam/.conda/envs/bio_inf/lib/python3.11/site-packages/keras/src/initializers/initializers.py:120: UserWarning: The initializer GlorotUniform is unseeded and being called multiple times, which will return identical values each time (even if the initializer is unseeded). Please update your code to provide a seed to the initializer, or avoid using the same initializer instance more than once.
  warnings.warn(
/home/ivanam/.conda/envs/bio_inf/lib/python3.11/site-packages/spektral/data/utils.py:221: UserWarning: you are shuffling a 'MyDataset' object which is not a subclass of 'Sequence'; `shuffle` is not guaranteed to behave correctly. E.g., non-numpy array/tensor objects with view semantics may contain duplicates after shuffling.
  np.random.shuffle(a)
[I 2025-07-25 17:16:35,096] Trial 3 finished with value: 0.8437758088111877 and parameters: {'n_heads': 10, 'units': 45, 'dropout_rate': 0.31664703281345563, 'learning_rate': 0.001461435612566844, 'batch_size': 35}. Best is trial 2 with value: 0.8557206988334656.
/home/ivanam/.conda/envs/bio_inf/lib/python3.11/site-packages/keras/src/initializers/initializers.py:120: UserWarning: The initializer GlorotUniform is unseeded and being called multiple times, which will return identical values each time (even if the initializer is unseeded). Please update your code to provide a seed to the initializer, or avoid using the same initializer instance more than once.
  warnings.warn(
/home/ivanam/.conda/envs/bio_inf/lib/python3.11/site-packages/spektral/data/utils.py:221: UserWarning: you are shuffling a 'MyDataset' object which is not a subclass of 'Sequence'; `shuffle` is not guaranteed to behave correctly. E.g., non-numpy array/tensor objects with view semantics may contain duplicates after shuffling.
  np.random.shuffle(a)
[I 2025-07-25 17:24:43,206] Trial 4 finished with value: 0.7923300266265869 and parameters: {'n_heads': 5, 'units': 30, 'dropout_rate': 0.26068384880548323, 'learning_rate': 0.009252478839675601, 'batch_size': 39}. Best is trial 2 with value: 0.8557206988334656.
/home/ivanam/.conda/envs/bio_inf/lib/python3.11/site-packages/keras/src/initializers/initializers.py:120: UserWarning: The initializer GlorotUniform is unseeded and being called multiple times, which will return identical values each time (even if the initializer is unseeded). Please update your code to provide a seed to the initializer, or avoid using the same initializer instance more than once.
  warnings.warn(
/home/ivanam/.conda/envs/bio_inf/lib/python3.11/site-packages/spektral/data/utils.py:221: UserWarning: you are shuffling a 'MyDataset' object which is not a subclass of 'Sequence'; `shuffle` is not guaranteed to behave correctly. E.g., non-numpy array/tensor objects with view semantics may contain duplicates after shuffling.
  np.random.shuffle(a)
[I 2025-07-25 17:35:06,174] Trial 5 finished with value: 0.7817408442497253 and parameters: {'n_heads': 7, 'units': 45, 'dropout_rate': 0.49734705794857126, 'learning_rate': 0.0007309497984091492, 'batch_size': 57}. Best is trial 2 with value: 0.8557206988334656.
/home/ivanam/.conda/envs/bio_inf/lib/python3.11/site-packages/keras/src/initializers/initializers.py:120: UserWarning: The initializer GlorotUniform is unseeded and being called multiple times, which will return identical values each time (even if the initializer is unseeded). Please update your code to provide a seed to the initializer, or avoid using the same initializer instance more than once.
  warnings.warn(
/home/ivanam/.conda/envs/bio_inf/lib/python3.11/site-packages/spektral/data/utils.py:221: UserWarning: you are shuffling a 'MyDataset' object which is not a subclass of 'Sequence'; `shuffle` is not guaranteed to behave correctly. E.g., non-numpy array/tensor objects with view semantics may contain duplicates after shuffling.
  np.random.shuffle(a)
[I 2025-07-25 17:43:52,460] Trial 6 finished with value: 0.37251707911491394 and parameters: {'n_heads': 4, 'units': 55, 'dropout_rate': 0.16813861155732607, 'learning_rate': 0.009104598452855911, 'batch_size': 45}. Best is trial 2 with value: 0.8557206988334656.
/home/ivanam/.conda/envs/bio_inf/lib/python3.11/site-packages/keras/src/initializers/initializers.py:120: UserWarning: The initializer GlorotUniform is unseeded and being called multiple times, which will return identical values each time (even if the initializer is unseeded). Please update your code to provide a seed to the initializer, or avoid using the same initializer instance more than once.
  warnings.warn(
/home/ivanam/.conda/envs/bio_inf/lib/python3.11/site-packages/spektral/data/utils.py:221: UserWarning: you are shuffling a 'MyDataset' object which is not a subclass of 'Sequence'; `shuffle` is not guaranteed to behave correctly. E.g., non-numpy array/tensor objects with view semantics may contain duplicates after shuffling.
  np.random.shuffle(a)
[I 2025-07-25 17:54:40,806] Trial 7 finished with value: 0.8552799820899963 and parameters: {'n_heads': 10, 'units': 23, 'dropout_rate': 0.23517892707667987, 'learning_rate': 0.000996069373811956, 'batch_size': 47}. Best is trial 2 with value: 0.8557206988334656.
/home/ivanam/.conda/envs/bio_inf/lib/python3.11/site-packages/keras/src/initializers/initializers.py:120: UserWarning: The initializer GlorotUniform is unseeded and being called multiple times, which will return identical values each time (even if the initializer is unseeded). Please update your code to provide a seed to the initializer, or avoid using the same initializer instance more than once.
  warnings.warn(
/home/ivanam/.conda/envs/bio_inf/lib/python3.11/site-packages/spektral/data/utils.py:221: UserWarning: you are shuffling a 'MyDataset' object which is not a subclass of 'Sequence'; `shuffle` is not guaranteed to behave correctly. E.g., non-numpy array/tensor objects with view semantics may contain duplicates after shuffling.
  np.random.shuffle(a)
[I 2025-07-25 18:21:54,605] Trial 8 finished with value: 0.8375840783119202 and parameters: {'n_heads': 11, 'units': 48, 'dropout_rate': 0.33173889275361734, 'learning_rate': 0.0005707608150665692, 'batch_size': 38}. Best is trial 2 with value: 0.8557206988334656.
/home/ivanam/.conda/envs/bio_inf/lib/python3.11/site-packages/keras/src/initializers/initializers.py:120: UserWarning: The initializer GlorotUniform is unseeded and being called multiple times, which will return identical values each time (even if the initializer is unseeded). Please update your code to provide a seed to the initializer, or avoid using the same initializer instance more than once.
  warnings.warn(
/home/ivanam/.conda/envs/bio_inf/lib/python3.11/site-packages/spektral/data/utils.py:221: UserWarning: you are shuffling a 'MyDataset' object which is not a subclass of 'Sequence'; `shuffle` is not guaranteed to behave correctly. E.g., non-numpy array/tensor objects with view semantics may contain duplicates after shuffling.
  np.random.shuffle(a)
[I 2025-07-25 18:30:32,254] Trial 9 finished with value: 0.8587833642959595 and parameters: {'n_heads': 6, 'units': 34, 'dropout_rate': 0.10348367066442812, 'learning_rate': 0.0006812998126549688, 'batch_size': 46}. Best is trial 9 with value: 0.8587833642959595.
/home/ivanam/.conda/envs/bio_inf/lib/python3.11/site-packages/keras/src/initializers/initializers.py:120: UserWarning: The initializer GlorotUniform is unseeded and being called multiple times, which will return identical values each time (even if the initializer is unseeded). Please update your code to provide a seed to the initializer, or avoid using the same initializer instance more than once.
  warnings.warn(
/home/ivanam/.conda/envs/bio_inf/lib/python3.11/site-packages/spektral/data/utils.py:221: UserWarning: you are shuffling a 'MyDataset' object which is not a subclass of 'Sequence'; `shuffle` is not guaranteed to behave correctly. E.g., non-numpy array/tensor objects with view semantics may contain duplicates after shuffling.
  np.random.shuffle(a)
[I 2025-07-25 19:13:59,445] Trial 10 finished with value: 0.8658808469772339 and parameters: {'n_heads': 6, 'units': 63, 'dropout_rate': 0.10089888378815672, 'learning_rate': 0.0001031229061031558, 'batch_size': 16}. Best is trial 10 with value: 0.8658808469772339.
/home/ivanam/.conda/envs/bio_inf/lib/python3.11/site-packages/keras/src/initializers/initializers.py:120: UserWarning: The initializer GlorotUniform is unseeded and being called multiple times, which will return identical values each time (even if the initializer is unseeded). Please update your code to provide a seed to the initializer, or avoid using the same initializer instance more than once.
  warnings.warn(
/home/ivanam/.conda/envs/bio_inf/lib/python3.11/site-packages/spektral/data/utils.py:221: UserWarning: you are shuffling a 'MyDataset' object which is not a subclass of 'Sequence'; `shuffle` is not guaranteed to behave correctly. E.g., non-numpy array/tensor objects with view semantics may contain duplicates after shuffling.
  np.random.shuffle(a)
[I 2025-07-25 19:54:30,741] Trial 11 finished with value: 0.8602668046951294 and parameters: {'n_heads': 6, 'units': 59, 'dropout_rate': 0.11471231259717476, 'learning_rate': 0.00010009922537981971, 'batch_size': 16}. Best is trial 10 with value: 0.8658808469772339.
/home/ivanam/.conda/envs/bio_inf/lib/python3.11/site-packages/keras/src/initializers/initializers.py:120: UserWarning: The initializer GlorotUniform is unseeded and being called multiple times, which will return identical values each time (even if the initializer is unseeded). Please update your code to provide a seed to the initializer, or avoid using the same initializer instance more than once.
  warnings.warn(
/home/ivanam/.conda/envs/bio_inf/lib/python3.11/site-packages/spektral/data/utils.py:221: UserWarning: you are shuffling a 'MyDataset' object which is not a subclass of 'Sequence'; `shuffle` is not guaranteed to behave correctly. E.g., non-numpy array/tensor objects with view semantics may contain duplicates after shuffling.
  np.random.shuffle(a)
[I 2025-07-25 20:56:23,335] Trial 12 finished with value: 0.8590168952941895 and parameters: {'n_heads': 8, 'units': 64, 'dropout_rate': 0.11337369726026807, 'learning_rate': 0.000106366054457627, 'batch_size': 18}. Best is trial 10 with value: 0.8658808469772339.
/home/ivanam/.conda/envs/bio_inf/lib/python3.11/site-packages/keras/src/initializers/initializers.py:120: UserWarning: The initializer GlorotUniform is unseeded and being called multiple times, which will return identical values each time (even if the initializer is unseeded). Please update your code to provide a seed to the initializer, or avoid using the same initializer instance more than once.
  warnings.warn(
/home/ivanam/.conda/envs/bio_inf/lib/python3.11/site-packages/spektral/data/utils.py:221: UserWarning: you are shuffling a 'MyDataset' object which is not a subclass of 'Sequence'; `shuffle` is not guaranteed to behave correctly. E.g., non-numpy array/tensor objects with view semantics may contain duplicates after shuffling.
  np.random.shuffle(a)
[I 2025-07-25 21:24:46,998] Trial 13 finished with value: 0.8574968576431274 and parameters: {'n_heads': 4, 'units': 64, 'dropout_rate': 0.1874240050739609, 'learning_rate': 0.00024390491779147506, 'batch_size': 16}. Best is trial 10 with value: 0.8658808469772339.
/home/ivanam/.conda/envs/bio_inf/lib/python3.11/site-packages/keras/src/initializers/initializers.py:120: UserWarning: The initializer GlorotUniform is unseeded and being called multiple times, which will return identical values each time (even if the initializer is unseeded). Please update your code to provide a seed to the initializer, or avoid using the same initializer instance more than once.
  warnings.warn(
/home/ivanam/.conda/envs/bio_inf/lib/python3.11/site-packages/spektral/data/utils.py:221: UserWarning: you are shuffling a 'MyDataset' object which is not a subclass of 'Sequence'; `shuffle` is not guaranteed to behave correctly. E.g., non-numpy array/tensor objects with view semantics may contain duplicates after shuffling.
  np.random.shuffle(a)
[I 2025-07-25 21:46:38,528] Trial 14 finished with value: 0.8508932590484619 and parameters: {'n_heads': 6, 'units': 54, 'dropout_rate': 0.1679133772751448, 'learning_rate': 0.00011191997056842626, 'batch_size': 27}. Best is trial 10 with value: 0.8658808469772339.
/home/ivanam/.conda/envs/bio_inf/lib/python3.11/site-packages/keras/src/initializers/initializers.py:120: UserWarning: The initializer GlorotUniform is unseeded and being called multiple times, which will return identical values each time (even if the initializer is unseeded). Please update your code to provide a seed to the initializer, or avoid using the same initializer instance more than once.
  warnings.warn(
/home/ivanam/.conda/envs/bio_inf/lib/python3.11/site-packages/spektral/data/utils.py:221: UserWarning: you are shuffling a 'MyDataset' object which is not a subclass of 'Sequence'; `shuffle` is not guaranteed to behave correctly. E.g., non-numpy array/tensor objects with view semantics may contain duplicates after shuffling.
  np.random.shuffle(a)
[I 2025-07-25 22:21:05,089] Trial 15 finished with value: 0.8634312152862549 and parameters: {'n_heads': 8, 'units': 57, 'dropout_rate': 0.13637333890465203, 'learning_rate': 0.0003253042326597232, 'batch_size': 25}. Best is trial 10 with value: 0.8658808469772339.
/home/ivanam/.conda/envs/bio_inf/lib/python3.11/site-packages/keras/src/initializers/initializers.py:120: UserWarning: The initializer GlorotUniform is unseeded and being called multiple times, which will return identical values each time (even if the initializer is unseeded). Please update your code to provide a seed to the initializer, or avoid using the same initializer instance more than once.
  warnings.warn(
/home/ivanam/.conda/envs/bio_inf/lib/python3.11/site-packages/spektral/data/utils.py:221: UserWarning: you are shuffling a 'MyDataset' object which is not a subclass of 'Sequence'; `shuffle` is not guaranteed to behave correctly. E.g., non-numpy array/tensor objects with view semantics may contain duplicates after shuffling.
  np.random.shuffle(a)
